<?xml version="1.0" encoding="UTF-8"?>
<!-- Generated by org.testng.reporters.JUnitXMLReporter -->
<testsuite hostname="BiswajitsVAIO" ignored="0" name="Test" tests="4" failures="1" timestamp="15 Jul 2018 11:26:53 GMT" time="113.055" errors="0">
  <testcase name="createContact" time="7.612" classname="leaf.Contact.CreateContact"/>
  <testcase name="editContact" time="16.832" classname="leaf.Contact.EditContact">
    <failure type="java.lang.RuntimeException">
      <![CDATA[java.lang.RuntimeException
at wdMethods.SeMethods.locateElement(SeMethods.java:101)
at leaf.Contact.EditContact.editContact(EditContact.java:24)
... Removed 25 stack frames]]>
    </failure>
  </testcase> <!-- editContact -->
  <testcase name="createContact" time="22.872" classname="leaf.Contact.MergeContact"/>
  <testcase name="deleteContact" time="15.974" classname="leaf.Contact.DeleteContact"/>
</testsuite> <!-- Test -->
