<?xml version="1.0" encoding="UTF-8"?>
<testng-results skipped="0" failed="1" ignored="0" total="4" passed="3">
  <reporter-output>
  </reporter-output>
  <suite name="Suite" duration-ms="113055" started-at="2018-07-15T11:25:00Z" finished-at="2018-07-15T11:26:53Z">
    <groups>
    </groups>
    <test name="Test" duration-ms="113055" started-at="2018-07-15T11:25:00Z" finished-at="2018-07-15T11:26:53Z">
      <class name="leaf.Contact.MergeContact">
        <test-method status="PASS" signature="login(java.lang.String, java.lang.String, java.lang.String)[pri:0, instance:leaf.Contact.MergeContact@32be31]" name="login" is-config="true" duration-ms="11163" started-at="2018-07-15T11:25:48Z" finished-at="2018-07-15T11:25:59Z">
          <params>
            <param index="0">
              <value>
                <![CDATA[http://leaftaps.com/opentaps]]>
              </value>
            </param>
            <param index="1">
              <value>
                <![CDATA[DemoSalesManager]]>
              </value>
            </param>
            <param index="2">
              <value>
                <![CDATA[crmsfa]]>
              </value>
            </param>
          </params>
          <reporter-output>
          </reporter-output>
        </test-method> <!-- login -->
        <test-method status="PASS" signature="createContact()[pri:2, instance:leaf.Contact.MergeContact@32be31]" name="createContact" duration-ms="22872" started-at="2018-07-15T11:25:59Z" finished-at="2018-07-15T11:26:22Z">
          <reporter-output>
          </reporter-output>
        </test-method> <!-- createContact -->
        <test-method status="PASS" signature="closeApp()[pri:0, instance:leaf.Contact.MergeContact@32be31]" name="closeApp" is-config="true" duration-ms="2079" started-at="2018-07-15T11:26:22Z" finished-at="2018-07-15T11:26:24Z">
          <reporter-output>
          </reporter-output>
        </test-method> <!-- closeApp -->
      </class> <!-- leaf.Contact.MergeContact -->
      <class name="leaf.Contact.EditContact">
        <test-method status="PASS" signature="login(java.lang.String, java.lang.String, java.lang.String)[pri:0, instance:leaf.Contact.EditContact@235b8e]" name="login" is-config="true" duration-ms="10171" started-at="2018-07-15T11:25:19Z" finished-at="2018-07-15T11:25:29Z">
          <params>
            <param index="0">
              <value>
                <![CDATA[http://leaftaps.com/opentaps]]>
              </value>
            </param>
            <param index="1">
              <value>
                <![CDATA[DemoSalesManager]]>
              </value>
            </param>
            <param index="2">
              <value>
                <![CDATA[crmsfa]]>
              </value>
            </param>
          </params>
          <reporter-output>
          </reporter-output>
        </test-method> <!-- login -->
        <test-method status="FAIL" signature="editContact()[pri:1, instance:leaf.Contact.EditContact@235b8e]" name="editContact" duration-ms="16832" started-at="2018-07-15T11:25:29Z" depends-on-methods="leaf.Contact.CreateContact.createContact" finished-at="2018-07-15T11:25:46Z">
          <exception class="java.lang.RuntimeException">
            <full-stacktrace>
              <![CDATA[java.lang.RuntimeException
at wdMethods.SeMethods.locateElement(SeMethods.java:101)
at leaf.Contact.EditContact.editContact(EditContact.java:24)
at sun.reflect.NativeMethodAccessorImpl.invoke0(Native Method)
at sun.reflect.NativeMethodAccessorImpl.invoke(NativeMethodAccessorImpl.java:62)
at sun.reflect.DelegatingMethodAccessorImpl.invoke(DelegatingMethodAccessorImpl.java:43)
at java.lang.reflect.Method.invoke(Method.java:483)
at org.testng.internal.MethodInvocationHelper.invokeMethod(MethodInvocationHelper.java:124)
at org.testng.internal.Invoker.invokeMethod(Invoker.java:583)
at org.testng.internal.Invoker.invokeTestMethod(Invoker.java:719)
at org.testng.internal.Invoker.invokeTestMethods(Invoker.java:989)
at org.testng.internal.TestMethodWorker.invokeTestMethods(TestMethodWorker.java:125)
at org.testng.internal.TestMethodWorker.run(TestMethodWorker.java:109)
at org.testng.TestRunner.privateRun(TestRunner.java:648)
at org.testng.TestRunner.run(TestRunner.java:505)
at org.testng.SuiteRunner.runTest(SuiteRunner.java:455)
at org.testng.SuiteRunner.runSequentially(SuiteRunner.java:450)
at org.testng.SuiteRunner.privateRun(SuiteRunner.java:415)
at org.testng.SuiteRunner.run(SuiteRunner.java:364)
at org.testng.SuiteRunnerWorker.runSuite(SuiteRunnerWorker.java:52)
at org.testng.SuiteRunnerWorker.run(SuiteRunnerWorker.java:84)
at org.testng.TestNG.runSuitesSequentially(TestNG.java:1208)
at org.testng.TestNG.runSuitesLocally(TestNG.java:1137)
at org.testng.TestNG.runSuites(TestNG.java:1049)
at org.testng.TestNG.run(TestNG.java:1017)
at org.testng.remote.AbstractRemoteTestNG.run(AbstractRemoteTestNG.java:114)
at org.testng.remote.RemoteTestNG.initAndRun(RemoteTestNG.java:251)
at org.testng.remote.RemoteTestNG.main(RemoteTestNG.java:77)
]]>
            </full-stacktrace>
          </exception> <!-- java.lang.RuntimeException -->
          <reporter-output>
          </reporter-output>
        </test-method> <!-- editContact -->
        <test-method status="PASS" signature="closeApp()[pri:0, instance:leaf.Contact.EditContact@235b8e]" name="closeApp" is-config="true" duration-ms="2092" started-at="2018-07-15T11:25:46Z" finished-at="2018-07-15T11:25:48Z">
          <reporter-output>
          </reporter-output>
        </test-method> <!-- closeApp -->
      </class> <!-- leaf.Contact.EditContact -->
      <class name="leaf.Contact.DeleteContact">
        <test-method status="PASS" signature="login(java.lang.String, java.lang.String, java.lang.String)[pri:0, instance:leaf.Contact.DeleteContact@bca1e0]" name="login" is-config="true" duration-ms="10485" started-at="2018-07-15T11:26:24Z" finished-at="2018-07-15T11:26:35Z">
          <params>
            <param index="0">
              <value>
                <![CDATA[http://leaftaps.com/opentaps]]>
              </value>
            </param>
            <param index="1">
              <value>
                <![CDATA[DemoSalesManager]]>
              </value>
            </param>
            <param index="2">
              <value>
                <![CDATA[crmsfa]]>
              </value>
            </param>
          </params>
          <reporter-output>
          </reporter-output>
        </test-method> <!-- login -->
        <test-method status="PASS" signature="deleteContact()[pri:3, instance:leaf.Contact.DeleteContact@bca1e0]" name="deleteContact" duration-ms="15974" started-at="2018-07-15T11:26:35Z" finished-at="2018-07-15T11:26:51Z">
          <reporter-output>
          </reporter-output>
        </test-method> <!-- deleteContact -->
        <test-method status="PASS" signature="closeApp()[pri:0, instance:leaf.Contact.DeleteContact@bca1e0]" name="closeApp" is-config="true" duration-ms="2114" started-at="2018-07-15T11:26:51Z" finished-at="2018-07-15T11:26:53Z">
          <reporter-output>
          </reporter-output>
        </test-method> <!-- closeApp -->
      </class> <!-- leaf.Contact.DeleteContact -->
      <class name="leaf.Contact.CreateContact">
        <test-method status="PASS" signature="login(java.lang.String, java.lang.String, java.lang.String)[pri:0, instance:leaf.Contact.CreateContact@1c6f14e]" name="login" is-config="true" duration-ms="11294" started-at="2018-07-15T11:25:00Z" finished-at="2018-07-15T11:25:11Z">
          <params>
            <param index="0">
              <value>
                <![CDATA[http://leaftaps.com/opentaps]]>
              </value>
            </param>
            <param index="1">
              <value>
                <![CDATA[DemoSalesManager]]>
              </value>
            </param>
            <param index="2">
              <value>
                <![CDATA[crmsfa]]>
              </value>
            </param>
          </params>
          <reporter-output>
          </reporter-output>
        </test-method> <!-- login -->
        <test-method status="PASS" signature="createContact()[pri:0, instance:leaf.Contact.CreateContact@1c6f14e]" name="createContact" duration-ms="7612" started-at="2018-07-15T11:25:11Z" finished-at="2018-07-15T11:25:19Z">
          <reporter-output>
          </reporter-output>
        </test-method> <!-- createContact -->
        <test-method status="PASS" signature="closeApp()[pri:0, instance:leaf.Contact.CreateContact@1c6f14e]" name="closeApp" is-config="true" duration-ms="286" started-at="2018-07-15T11:25:19Z" finished-at="2018-07-15T11:25:19Z">
          <reporter-output>
          </reporter-output>
        </test-method> <!-- closeApp -->
      </class> <!-- leaf.Contact.CreateContact -->
    </test> <!-- Test -->
  </suite> <!-- Suite -->
</testng-results>
